  Program.cpp
c:\users\forke\desktop\lords federal aio\lords-federals-aio\lords_federals aio\Vector3.h(228): warning C4244: 'argument': conversion from 'double' to 'const float', possible loss of data
c:\users\forke\desktop\lords federal aio\lords-federals-aio\lords_federals aio\Color.h(20): warning C4244: 'argument': conversion from 'int' to 'const float', possible loss of data
c:\users\forke\desktop\lords federal aio\lords-federals-aio\lords_federals aio\Color.h(25): warning C4244: 'argument': conversion from 'int' to 'const float', possible loss of data
c:\users\forke\desktop\lords federal aio\lords-federals-aio\lords_federals aio\Common.h(25): warning C4244: '+=': conversion from 'double' to 'float', possible loss of data
c:\users\forke\desktop\lords federal aio\lords-federals-aio\lords_federals aio\Common.h(30): warning C4244: '+=': conversion from 'double' to 'float', possible loss of data
c:\users\forke\desktop\lords federal aio\lords-federals-aio\lords_federals aio\Common.h(35): warning C4244: '+=': conversion from 'double' to 'float', possible loss of data
c:\users\forke\desktop\lords federal aio\lords-federals-aio\lords_federals aio\Common.h(40): warning C4244: '+=': conversion from 'double' to 'float', possible loss of data
c:\users\forke\desktop\lords federal aio\lords-federals-aio\lords_federals aio\Common.h(44): warning C4305: '*=': truncation from 'double' to 'float'
c:\users\forke\desktop\lords federal aio\lords-federals-aio\lords_federals aio\Common.h(47): warning C4305: '*=': truncation from 'double' to 'float'
c:\users\forke\desktop\lords federal aio\lords-federals-aio\lords_federals aio\Common.h(51): warning C4244: '*=': conversion from 'double' to 'float', possible loss of data
c:\users\forke\desktop\lords federal aio\lords-federals-aio\lords_federals aio\Common.h(54): warning C4244: '*=': conversion from 'double' to 'float', possible loss of data
c:\users\forke\desktop\lords federal aio\lords-federals-aio\lords_federals aio\Common.h(57): warning C4244: '*=': conversion from 'double' to 'float', possible loss of data
c:\users\forke\desktop\lords federal aio\lords-federals-aio\lords_federals aio\Common.h(60): warning C4244: '*=': conversion from 'double' to 'float', possible loss of data
c:\users\forke\desktop\lords federal aio\lords-federals-aio\lords_federals aio\Common.h(63): warning C4244: '*=': conversion from 'double' to 'float', possible loss of data
c:\users\forke\desktop\lords federal aio\lords-federals-aio\lords_federals aio\Common.h(67): warning C4305: '*=': truncation from 'double' to 'float'
c:\users\forke\desktop\lords federal aio\lords-federals-aio\lords_federals aio\Common.h(73): warning C4305: '*=': truncation from 'double' to 'float'
c:\users\forke\desktop\lords federal aio\lords-federals-aio\lords_federals aio\Common.h(76): warning C4305: '*=': truncation from 'double' to 'float'
c:\users\forke\desktop\lords federal aio\lords-federals-aio\lords_federals aio\Common.h(229): warning C4244: 'return': conversion from 'double' to 'int', possible loss of data
c:\users\forke\desktop\lords federal aio\lords-federals-aio\lords_federals aio\Common.h(560): warning C4800: 'int': forcing value to bool 'true' or 'false' (performance warning)
c:\users\forke\desktop\lords federal aio\lords-federals-aio\lords_federals aio\Varus.h(171): warning C4554: '&': check operator precedence for possible error; use parentheses to clarify precedence
c:\users\forke\desktop\lords federal aio\lords-federals-aio\lords_federals aio\Varus.h(184): warning C4806: '==': unsafe operation: no value of type 'bool' promoted to type 'eOrbwalkingMode' can equal the given constant
c:\users\forke\desktop\lords federal aio\lords-federals-aio\lords_federals aio\Draven.h(256): warning C4804: '>': unsafe use of type 'bool' in operation
c:\users\forke\desktop\lords federal aio\lords-federals-aio\lords_federals aio\Ashe.h(324): warning C4244: 'argument': conversion from 'float' to 'int', possible loss of data
c:\users\forke\desktop\lords federal aio\lords-federals-aio\lords_federals aio\Ezreal.h(183): warning C4244: 'argument': conversion from 'int' to 'float', possible loss of data
c:\users\forke\desktop\lords federal aio\lords-federals-aio\lords_federals aio\Ezreal.h(206): warning C4244: 'argument': conversion from 'int' to 'float', possible loss of data
c:\users\forke\desktop\lords federal aio\lords-federals-aio\lords_federals aio\Ezreal.h(218): warning C4244: 'argument': conversion from 'int' to 'float', possible loss of data
c:\users\forke\desktop\lords federal aio\lords-federals-aio\lords_federals aio\Ezreal.h(445): warning C4244: 'argument': conversion from 'float' to 'int', possible loss of data
c:\users\forke\desktop\lords federal aio\lords-federals-aio\lords_federals aio\zTristana.h(209): warning C4244: 'argument': conversion from 'float' to 'int', possible loss of data
c:\users\forke\desktop\lords federal aio\lords-federals-aio\lords_federals aio\zTristana.h(217): warning C4244: 'argument': conversion from 'float' to 'int', possible loss of data
c:\users\forke\desktop\lords federal aio\lords-federals-aio\lords_federals aio\zTristana.h(285): warning C4244: 'initializing': conversion from 'float' to 'int', possible loss of data
c:\users\forke\desktop\lords federal aio\lords-federals-aio\lords_federals aio\zTristana.h(379): warning C4244: 'return': conversion from 'double' to 'float', possible loss of data
c:\users\forke\desktop\lords federal aio\lords-federals-aio\lords_federals aio\zTristana.h(387): warning C4244: 'initializing': conversion from 'int' to 'float', possible loss of data
c:\users\forke\desktop\lords federal aio\lords-federals-aio\lords_federals aio\zTristana.h(406): warning C4244: 'argument': conversion from 'int' to 'float', possible loss of data
c:\users\forke\desktop\lords federal aio\lords-federals-aio\lords_federals aio\Caitlyn.h(202): warning C4244: 'argument': conversion from 'int' to 'float', possible loss of data
c:\users\forke\desktop\lords federal aio\lords-federals-aio\lords_federals aio\Vayne.h(161): warning C4244: 'argument': conversion from 'float' to 'int', possible loss of data
c:\users\forke\desktop\lords federal aio\lords-federals-aio\lords_federals aio\Vayne.h(414): warning C4244: 'argument': conversion from 'int' to 'const float', possible loss of data
c:\users\forke\desktop\lords federal aio\lords-federals-aio\lords_federals aio\Vayne.h(504): warning C4244: 'argument': conversion from 'int' to 'float', possible loss of data
c:\users\forke\desktop\lords federal aio\lords-federals-aio\lords_federals aio\Vayne.h(585): warning C4244: 'argument': conversion from 'int' to 'float', possible loss of data
c:\users\forke\desktop\lords federal aio\lords-federals-aio\lords_federals aio\Lux.h(310): warning C4244: 'argument': conversion from 'float' to 'int', possible loss of data
c:\users\forke\desktop\lords federal aio\lords-federals-aio\lords_federals aio\Lux.h(363): warning C4244: 'argument': conversion from 'float' to 'int', possible loss of data
c:\users\forke\desktop\lords federal aio\lords-federals-aio\lords_federals aio\Lux.h(427): warning C4244: 'argument': conversion from 'float' to 'int', possible loss of data
c:\users\forke\desktop\lords federal aio\lords-federals-aio\lords_federals aio\Lux.h(439): warning C4244: 'argument': conversion from 'float' to 'int', possible loss of data
c:\users\forke\desktop\lords federal aio\lords-federals-aio\lords_federals aio\Lux.h(473): warning C4244: 'argument': conversion from 'float' to 'int', possible loss of data
c:\users\forke\desktop\lords federal aio\lords-federals-aio\lords_federals aio\Lux.h(541): warning C4244: 'argument': conversion from 'float' to 'int', possible loss of data
c:\users\forke\desktop\lords federal aio\lords-federals-aio\lords_federals aio\Xerath.h(104): warning C4244: 'return': conversion from 'int' to 'float', possible loss of data
c:\users\forke\desktop\lords federal aio\lords-federals-aio\lords_federals aio\Xerath.h(474): warning C4244: '=': conversion from 'float' to 'int', possible loss of data
c:\users\forke\desktop\lords federal aio\lords-federals-aio\lords_federals aio\Xerath.h(487): warning C4244: '=': conversion from 'float' to 'int', possible loss of data
c:\users\forke\desktop\lords federal aio\lords-federals-aio\lords_federals aio\Xerath.h(502): warning C4244: 'argument': conversion from 'float' to 'int', possible loss of data
c:\users\forke\desktop\lords federal aio\lords-federals-aio\lords_federals aio\Xerath.h(522): warning C4244: 'argument': conversion from 'float' to 'int', possible loss of data
c:\users\forke\desktop\lords federal aio\lords-federals-aio\lords_federals aio\Xerath.h(580): warning C4244: 'argument': conversion from 'int' to 'float', possible loss of data
c:\users\forke\desktop\lords federal aio\lords-federals-aio\lords_federals aio\Champions.h(23): warning C4067: unexpected tokens following preprocessor directive - expected a newline
c:\users\forke\desktop\lords federal aio\lords-federals-aio\lords_federals aio\Olaf.h(511): warning C4244: 'initializing': conversion from 'float' to 'int', possible loss of data
c:\users\forke\desktop\lords federal aio\lords-federals-aio\lords_federals aio\Olaf.h(577): warning C4244: '=': conversion from 'float' to 'int', possible loss of data
c:\users\forke\desktop\lords federal aio\lords-federals-aio\lords_federals aio\Nocturne.h(73): warning C4244: 'argument': conversion from 'int' to 'float', possible loss of data
c:\users\forke\desktop\lords federal aio\lords-federals-aio\lords_federals aio\Nocturne.h(283): warning C4244: 'argument': conversion from 'float' to 'int', possible loss of data
c:\users\forke\desktop\lords federal aio\lords-federals-aio\lords_federals aio\Hecarim.h(127): warning C4244: 'argument': conversion from 'int' to 'float', possible loss of data
c:\users\forke\desktop\lords federal aio\lords-federals-aio\lords_federals aio\Elise.h(573): warning C4244: 'initializing': conversion from 'float' to 'int', possible loss of data
c:\users\forke\desktop\lords federal aio\lords-federals-aio\lords_federals aio\Elise.h(574): warning C4244: 'initializing': conversion from 'float' to 'int', possible loss of data
c:\users\forke\desktop\lords federal aio\lords-federals-aio\lords_federals aio\Elise.h(575): warning C4244: 'initializing': conversion from 'float' to 'int', possible loss of data
c:\users\forke\desktop\lords federal aio\lords-federals-aio\lords_federals aio\Elise.h(576): warning C4244: 'initializing': conversion from 'float' to 'int', possible loss of data
c:\users\forke\desktop\lords federal aio\lords-federals-aio\lords_federals aio\Elise.h(577): warning C4244: 'initializing': conversion from 'float' to 'int', possible loss of data
c:\users\forke\desktop\lords federal aio\lords-federals-aio\lords_federals aio\Elise.h(578): warning C4244: 'initializing': conversion from 'float' to 'int', possible loss of data
c:\users\forke\desktop\lords federal aio\lords-federals-aio\lords_federals aio\Elise.h(579): warning C4244: 'initializing': conversion from 'float' to 'int', possible loss of data
c:\users\forke\desktop\lords federal aio\lords-federals-aio\lords_federals aio\Elise.h(585): warning C4244: 'argument': conversion from 'int' to 'float', possible loss of data
c:\users\forke\desktop\lords federal aio\lords-federals-aio\lords_federals aio\Elise.h(590): warning C4244: 'argument': conversion from 'int' to 'float', possible loss of data
c:\users\forke\desktop\lords federal aio\lords-federals-aio\lords_federals aio\Elise.h(595): warning C4244: 'argument': conversion from 'int' to 'float', possible loss of data
c:\users\forke\desktop\lords federal aio\lords-federals-aio\lords_federals aio\Elise.h(600): warning C4244: 'argument': conversion from 'int' to 'float', possible loss of data
c:\users\forke\desktop\lords federal aio\lords-federals-aio\lords_federals aio\Elise.h(605): warning C4244: 'argument': conversion from 'int' to 'float', possible loss of data
c:\users\forke\desktop\lords federal aio\lords-federals-aio\lords_federals aio\Elise.h(610): warning C4244: 'argument': conversion from 'int' to 'float', possible loss of data
c:\users\forke\desktop\lords federal aio\lords-federals-aio\lords_federals aio\Elise.h(616): warning C4244: 'argument': conversion from 'int' to 'float', possible loss of data
c:\users\forke\desktop\lords federal aio\lords-federals-aio\lords_federals aio\Elise.h(621): warning C4244: 'argument': conversion from 'int' to 'float', possible loss of data
c:\users\forke\desktop\lords federal aio\lords-federals-aio\lords_federals aio\Elise.h(629): warning C4244: 'argument': conversion from 'int' to 'float', possible loss of data
c:\users\forke\desktop\lords federal aio\lords-federals-aio\lords_federals aio\Elise.h(634): warning C4244: 'argument': conversion from 'int' to 'float', possible loss of data
c:\users\forke\desktop\lords federal aio\lords-federals-aio\lords_federals aio\Elise.h(639): warning C4244: 'argument': conversion from 'int' to 'float', possible loss of data
c:\users\forke\desktop\lords federal aio\lords-federals-aio\lords_federals aio\Elise.h(644): warning C4244: 'argument': conversion from 'int' to 'float', possible loss of data
c:\users\forke\desktop\lords federal aio\lords-federals-aio\lords_federals aio\Elise.h(649): warning C4244: 'argument': conversion from 'int' to 'float', possible loss of data
c:\users\forke\desktop\lords federal aio\lords-federals-aio\lords_federals aio\Elise.h(654): warning C4244: 'argument': conversion from 'int' to 'float', possible loss of data
c:\users\forke\desktop\lords federal aio\lords-federals-aio\lords_federals aio\Elise.h(666): warning C4244: 'argument': conversion from 'int' to 'float', possible loss of data
c:\users\forke\desktop\lords federal aio\lords-federals-aio\lords_federals aio\Elise.h(671): warning C4244: 'argument': conversion from 'int' to 'float', possible loss of data
c:\users\forke\desktop\lords federal aio\lords-federals-aio\lords_federals aio\Elise.h(675): warning C4244: 'argument': conversion from 'int' to 'float', possible loss of data
c:\users\forke\desktop\lords federal aio\lords-federals-aio\lords_federals aio\Elise.h(680): warning C4244: 'argument': conversion from 'int' to 'float', possible loss of data
c:\users\forke\desktop\lords federal aio\lords-federals-aio\lords_federals aio\Elise.h(685): warning C4244: 'argument': conversion from 'int' to 'float', possible loss of data
c:\users\forke\desktop\lords federal aio\lords-federals-aio\lords_federals aio\Elise.h(693): warning C4244: 'argument': conversion from 'int' to 'float', possible loss of data
c:\users\forke\desktop\lords federal aio\lords-federals-aio\lords_federals aio\Elise.h(698): warning C4244: 'argument': conversion from 'int' to 'float', possible loss of data
c:\users\forke\desktop\lords federal aio\lords-federals-aio\lords_federals aio\Elise.h(702): warning C4244: 'argument': conversion from 'int' to 'float', possible loss of data
c:\users\forke\desktop\lords federal aio\lords-federals-aio\lords_federals aio\Elise.h(707): warning C4244: 'argument': conversion from 'int' to 'float', possible loss of data
c:\users\forke\desktop\lords federal aio\lords-federals-aio\lords_federals aio\Elise.h(712): warning C4244: 'argument': conversion from 'int' to 'float', possible loss of data
c:\users\forke\desktop\lords federal aio\lords-federals-aio\lords_federals aio\Elise.h(719): warning C4244: 'argument': conversion from 'int' to 'float', possible loss of data
c:\users\forke\desktop\lords federal aio\lords-federals-aio\lords_federals aio\Polygons.h(9): warning C4005: 'M_PI': macro redefinition
  c:\users\forke\desktop\lords federal aio\lords-federals-aio\lords_federals aio\Common.h(6): note: see previous definition of 'M_PI'
c:\users\forke\desktop\lords federal aio\lords-federals-aio\lords_federals aio\Polygons.h(135): warning C4244: 'argument': conversion from 'ClipperLib::cInt' to 'const float', possible loss of data
c:\users\forke\desktop\lords federal aio\lords-federals-aio\lords_federals aio\Polygons.h(477): warning C4244: 'argument': conversion from 'double' to 'float', possible loss of data
c:\users\forke\desktop\lords federal aio\lords-federals-aio\lords_federals aio\Polygons.h(477): warning C4244: 'argument': conversion from 'double' to 'const float', possible loss of data
c:\users\forke\desktop\lords federal aio\lords-federals-aio\lords_federals aio\Polygons.h(581): warning C4244: 'argument': conversion from 'double' to 'const float', possible loss of data
c:\users\forke\desktop\lords federal aio\lords-federals-aio\lords_federals aio\Polygons.h(589): warning C4244: 'argument': conversion from 'double' to 'const float', possible loss of data
c:\users\forke\desktop\lords federal aio\lords-federals-aio\lords_federals aio\LeeSin.h(586): warning C4244: 'argument': conversion from 'float' to 'int', possible loss of data
c:\users\forke\desktop\lords federal aio\lords-federals-aio\lords_federals aio\LeeSin.h(628): warning C4244: 'argument': conversion from 'float' to 'int', possible loss of data
c:\users\forke\desktop\lords federal aio\lords-federals-aio\lords_federals aio\LeeSin.h(856): warning C4244: 'initializing': conversion from 'double' to 'float', possible loss of data
c:\users\forke\desktop\lords federal aio\lords-federals-aio\lords_federals aio\LeeSin.h(857): warning C4244: 'initializing': conversion from 'double' to 'float', possible loss of data
c:\users\forke\desktop\lords federal aio\lords-federals-aio\lords_federals aio\LeeSin.h(976): warning C4244: 'argument': conversion from 'float' to 'int', possible loss of data
c:\users\forke\desktop\lords federal aio\lords-federals-aio\lords_federals aio\LeeSin.h(998): warning C4244: 'argument': conversion from 'float' to 'int', possible loss of data
c:\users\forke\desktop\lords federal aio\lords-federals-aio\lords_federals aio\LeeSin.h(2310): warning C4244: 'argument': conversion from 'float' to 'int', possible loss of data
c:\users\forke\desktop\lords federal aio\lords-federals-aio\lords_federals aio\Khazix.h(326): warning C4244: 'return': conversion from 'double' to 'float', possible loss of data
c:\users\forke\desktop\lords federal aio\lords-federals-aio\lords_federals aio\Khazix.h(619): warning C4244: 'argument': conversion from 'float' to 'int', possible loss of data
c:\users\forke\desktop\lords federal aio\lords-federals-aio\lords_federals aio\Khazix.h(631): warning C4244: 'argument': conversion from 'float' to 'int', possible loss of data
c:\users\forke\desktop\lords federal aio\lords-federals-aio\lords_federals aio\Gragas.h(63): warning C4305: 'argument': truncation from 'double' to 'float'
c:\users\forke\desktop\lords federal aio\lords-federals-aio\lords_federals aio\Gragas.h(323): warning C4244: 'argument': conversion from 'float' to 'int', possible loss of data
c:\users\forke\desktop\lords federal aio\lords-federals-aio\lords_federals aio\Gragas.h(347): warning C4244: 'argument': conversion from 'float' to 'int', possible loss of data
c:\users\forke\desktop\lords federal aio\lords-federals-aio\lords_federals aio\Galio.h(318): warning C4244: 'argument': conversion from 'float' to 'int', possible loss of data
c:\users\forke\desktop\lords federal aio\lords-federals-aio\lords_federals aio\Galio.h(330): warning C4244: 'argument': conversion from 'float' to 'int', possible loss of data
c:\users\forke\desktop\lords federal aio\lords-federals-aio\lords_federals aio\Ivern.h(296): warning C4244: 'argument': conversion from 'float' to 'int', possible loss of data
c:\users\forke\desktop\lords federal aio\lords-federals-aio\lords_federals aio\Ivern.h(515): warning C4305: 'argument': truncation from 'double' to 'const float'
c:\users\forke\desktop\lords federal aio\lords-federals-aio\lords_federals aio\Ivern.h(519): warning C4305: 'argument': truncation from 'double' to 'const float'
c:\users\forke\desktop\lords federal aio\lords-federals-aio\lords_federals aio\Ivern.h(527): warning C4305: 'argument': truncation from 'double' to 'const float'
c:\users\forke\desktop\lords federal aio\lords-federals-aio\lords_federals aio\Ivern.h(541): warning C4305: 'argument': truncation from 'double' to 'const float'
c:\users\forke\desktop\lords federal aio\lords-federals-aio\lords_federals aio\Ivern.h(545): warning C4305: 'argument': truncation from 'double' to 'const float'
c:\users\forke\desktop\lords federal aio\lords-federals-aio\lords_federals aio\Ivern.h(553): warning C4305: 'argument': truncation from 'double' to 'const float'
c:\users\forke\desktop\lords federal aio\lords-federals-aio\lords_federals aio\Kindred.h(108): warning C4244: 'argument': conversion from 'float' to 'int', possible loss of data
c:\users\forke\desktop\lords federal aio\lords-federals-aio\lords_federals aio\DrMundo.h(294): warning C4244: 'argument': conversion from 'float' to 'int', possible loss of data
c:\users\forke\desktop\lords federal aio\lords-federals-aio\lords_federals aio\Maokai.h(98): warning C4244: 'argument': conversion from 'float' to 'int', possible loss of data
c:\users\forke\desktop\lords federal aio\lords-federals-aio\lords_federals aio\Maokai.h(103): warning C4804: '>=': unsafe use of type 'bool' in operation
c:\users\forke\desktop\lords federal aio\lords-federals-aio\lords_federals aio\Maokai.h(108): warning C4804: '<': unsafe use of type 'bool' in operation
c:\users\forke\desktop\lords federal aio\lords-federals-aio\lords_federals aio\Maokai.h(121): warning C4244: 'argument': conversion from 'float' to 'int', possible loss of data
c:\users\forke\desktop\lords federal aio\lords-federals-aio\lords_federals aio\Maokai.h(179): warning C4244: 'argument': conversion from 'int' to 'float', possible loss of data
c:\users\forke\desktop\lords federal aio\lords-federals-aio\lords_federals aio\Poppy.h(351): warning C4244: '=': conversion from 'float' to 'int', possible loss of data
c:\users\forke\desktop\lords federal aio\lords-federals-aio\lords_federals aio\Rumble.h(100): warning C4305: 'argument': truncation from 'double' to 'float'
c:\users\forke\desktop\lords federal aio\lords-federals-aio\lords_federals aio\Rumble.h(103): warning C4305: 'argument': truncation from 'double' to 'float'
c:\users\forke\desktop\lords federal aio\lords-federals-aio\lords_federals aio\Rumble.h(142): warning C4244: 'argument': conversion from 'float' to 'int', possible loss of data
c:\users\forke\desktop\lords federal aio\lords-federals-aio\lords_federals aio\Rumble.h(264): warning C4244: 'argument': conversion from 'int' to 'float', possible loss of data
c:\users\forke\desktop\lords federal aio\lords-federals-aio\lords_federals aio\Rumble.h(497): warning C4244: 'argument': conversion from 'float' to 'int', possible loss of data
c:\users\forke\desktop\lords federal aio\lords-federals-aio\lords_federals aio\Renekton.h(75): warning C4244: '+=': conversion from 'double' to 'float', possible loss of data
c:\users\forke\desktop\lords federal aio\lords-federals-aio\lords_federals aio\Renekton.h(77): warning C4244: '+=': conversion from 'double' to 'float', possible loss of data
c:\users\forke\desktop\lords federal aio\lords-federals-aio\lords_federals aio\Renekton.h(79): warning C4244: '+=': conversion from 'double' to 'float', possible loss of data
c:\users\forke\desktop\lords federal aio\lords-federals-aio\lords_federals aio\Renekton.h(81): warning C4244: '+=': conversion from 'double' to 'float', possible loss of data
c:\users\forke\desktop\lords federal aio\lords-federals-aio\lords_federals aio\Renekton.h(147): warning C4244: '=': conversion from 'int' to 'float', possible loss of data
c:\users\forke\desktop\lords federal aio\lords-federals-aio\lords_federals aio\Renekton.h(154): warning C4244: '=': conversion from 'int' to 'float', possible loss of data
c:\users\forke\desktop\lords federal aio\lords-federals-aio\lords_federals aio\Renekton.h(170): warning C4244: '=': conversion from 'int' to 'float', possible loss of data
c:\users\forke\desktop\lords federal aio\lords-federals-aio\lords_federals aio\Renekton.h(253): warning C4244: 'initializing': conversion from 'double' to 'float', possible loss of data
c:\users\forke\desktop\lords federal aio\lords-federals-aio\lords_federals aio\Renekton.h(254): warning C4244: 'initializing': conversion from 'double' to 'float', possible loss of data
c:\users\forke\desktop\lords federal aio\lords-federals-aio\lords_federals aio\Renekton.h(255): warning C4244: 'initializing': conversion from 'double' to 'float', possible loss of data
c:\users\forke\desktop\lords federal aio\lords-federals-aio\lords_federals aio\Renekton.h(274): warning C4244: '=': conversion from 'int' to 'float', possible loss of data
c:\users\forke\desktop\lords federal aio\lords-federals-aio\lords_federals aio\Renekton.h(290): warning C4244: '=': conversion from 'int' to 'float', possible loss of data
c:\users\forke\desktop\lords federal aio\lords-federals-aio\lords_federals aio\Renekton.h(299): warning C4244: 'initializing': conversion from 'float' to 'int', possible loss of data
c:\users\forke\desktop\lords federal aio\lords-federals-aio\lords_federals aio\Trundle.h(109): warning C4244: 'initializing': conversion from 'double' to 'float', possible loss of data
c:\users\forke\desktop\lords federal aio\lords-federals-aio\lords_federals aio\Jax.h(288): warning C4244: 'argument': conversion from 'float' to 'int', possible loss of data
c:\users\forke\desktop\lords federal aio\lords-federals-aio\lords_federals aio\Jax.h(343): warning C4244: 'argument': conversion from 'float' to 'int', possible loss of data
c:\users\forke\desktop\lords federal aio\lords-federals-aio\lords_federals aio\Gnar.h(483): warning C4244: 'argument': conversion from 'int' to 'const float', possible loss of data
c:\users\forke\desktop\lords federal aio\lords-federals-aio\lords_federals aio\Gnar.h(521): warning C4244: 'argument': conversion from 'int' to 'const float', possible loss of data
c:\users\forke\desktop\lords federal aio\lords-federals-aio\lords_federals aio\Gnar.h(537): warning C4244: 'argument': conversion from 'int' to 'const float', possible loss of data
c:\users\forke\desktop\lords federal aio\lords-federals-aio\lords_federals aio\AutoSmite.h(3): warning C4067: unexpected tokens following preprocessor directive - expected a newline
c:\users\forke\desktop\lords federal aio\lords-federals-aio\lords_federals aio\AutoSmite.h(287): warning C4244: 'initializing': conversion from 'double' to 'int', possible loss of data
c:\users\forke\desktop\lords federal aio\lords-federals-aio\lords_federals aio\AutoSmite.h(337): warning C4244: 'initializing': conversion from 'double' to 'float', possible loss of data
c:\users\forke\desktop\lords federal aio\lords-federals-aio\lords_federals aio\Toxic.h(3): warning C4067: unexpected tokens following preprocessor directive - expected a newline
H:\Microsoft Visual Studio 14.0\VC\include\type_traits(1491): warning C4244: 'return': conversion from 'int' to 'float', possible loss of data
  H:\Microsoft Visual Studio 14.0\VC\include\functional(213): note: see reference to function template instantiation '_Rx std::_Invoke_ret<_Rx,_Callable&,_Ty>(std::_Forced<_Rx,false>,_Callable &,_Ty &&)' being compiled
          with
          [
              _Rx=float,
              _Callable=_Decayed,
              _Ty=IUnit *
          ]
  H:\Microsoft Visual Studio 14.0\VC\include\functional(211): note: while compiling class template member function 'float std::_Func_impl<_Decayed,_Alloc,_Ret,T>::_Do_call(T &&)'
          with
          [
              _Alloc=std::allocator<int>,
              _Ret=float,
              T=IUnit *
          ]
  H:\Microsoft Visual Studio 14.0\VC\include\functional(137): note: see reference to class template instantiation 'std::_Func_impl<_Decayed,_Alloc,_Ret,T>' being compiled
          with
          [
              _Alloc=std::allocator<int>,
              _Ret=float,
              T=IUnit *
          ]
  H:\Microsoft Visual Studio 14.0\VC\include\functional(348): note: see reference to class template instantiation 'std::_Is_large<_Myimpl>' being compiled
  H:\Microsoft Visual Studio 14.0\VC\include\functional(327): note: see reference to function template instantiation 'void std::_Func_class<_Ret,T>::_Reset_alloc<_Ty,std::allocator<int>>(_Fx &&,const _Alloc &)' being compiled
          with
          [
              _Ret=float,
              T=IUnit *,
              _Ty=Vayne::FocusTargetW::<lambda_6f7575a3ddfd8eea86af172a7825ac17>,
              _Fx=Vayne::FocusTargetW::<lambda_6f7575a3ddfd8eea86af172a7825ac17>,
              _Alloc=std::allocator<int>
          ]
  H:\Microsoft Visual Studio 14.0\VC\include\functional(327): note: see reference to function template instantiation 'void std::_Func_class<_Ret,T>::_Reset_alloc<_Ty,std::allocator<int>>(_Fx &&,const _Alloc &)' being compiled
          with
          [
              _Ret=float,
              T=IUnit *,
              _Ty=Vayne::FocusTargetW::<lambda_6f7575a3ddfd8eea86af172a7825ac17>,
              _Fx=Vayne::FocusTargetW::<lambda_6f7575a3ddfd8eea86af172a7825ac17>,
              _Alloc=std::allocator<int>
          ]
  H:\Microsoft Visual Studio 14.0\VC\include\functional(498): note: see reference to function template instantiation 'void std::_Func_class<_Ret,T>::_Reset<Vayne::FocusTargetW::<lambda_6f7575a3ddfd8eea86af172a7825ac17>>(_Fx &&)' being compiled
          with
          [
              _Ret=float,
              T=IUnit *,
              _Fx=Vayne::FocusTargetW::<lambda_6f7575a3ddfd8eea86af172a7825ac17>
          ]
  H:\Microsoft Visual Studio 14.0\VC\include\functional(498): note: see reference to function template instantiation 'void std::_Func_class<_Ret,T>::_Reset<Vayne::FocusTargetW::<lambda_6f7575a3ddfd8eea86af172a7825ac17>>(_Fx &&)' being compiled
          with
          [
              _Ret=float,
              T=IUnit *,
              _Fx=Vayne::FocusTargetW::<lambda_6f7575a3ddfd8eea86af172a7825ac17>
          ]
  c:\users\forke\desktop\lords federal aio\lords-federals-aio\lords_federals aio\Vayne.h(134): note: see reference to function template instantiation 'std::function<float (T)>::function<Vayne::FocusTargetW::<lambda_6f7575a3ddfd8eea86af172a7825ac17>,int,void>(_Fx)' being compiled
          with
          [
              T=IUnit *,
              _Fx=Vayne::FocusTargetW::<lambda_6f7575a3ddfd8eea86af172a7825ac17>
          ]
  c:\users\forke\desktop\lords federal aio\lords-federals-aio\lords_federals aio\Vayne.h(134): note: see reference to function template instantiation 'std::function<float (T)>::function<Vayne::FocusTargetW::<lambda_6f7575a3ddfd8eea86af172a7825ac17>,int,void>(_Fx)' being compiled
          with
          [
              T=IUnit *,
              _Fx=Vayne::FocusTargetW::<lambda_6f7575a3ddfd8eea86af172a7825ac17>
          ]
     Creating library C:\Users\forke\Desktop\Lords Federal Aio\Lords-Federals-AIO\Lords_Federals AIO\Release\Lords_Federals AIO.lib and object C:\Users\forke\Desktop\Lords Federal Aio\Lords-Federals-AIO\Lords_Federals AIO\Release\Lords_Federals AIO.exp
  Generating code
  54 of 6279 functions ( 0.9%) were compiled, the rest were copied from previous compilation.
    0 functions were new in current compilation
    51 functions had inline decision re-evaluated but remain unchanged
  Finished generating code
  Lords_Federals AIO.vcxproj -> C:\Users\forke\Desktop\Lords Federal Aio\Lords-Federals-AIO\Lords_Federals AIO\Release\Lords_Federals AIO.dll
